<?xml version="1.0" encoding="UTF-8"?>
<testsuite xmlns:xsi="http://www.w3.org/2001/XMLSchema-instance" xsi:noNamespaceSchemaLocation="https://maven.apache.org/surefire/maven-surefire-plugin/xsd/surefire-test-report-3.0.xsd" version="3.0" name="com.prologiccreations.payrollapplication.PayrollApplicationTests" time="10.845" tests="1" errors="0" skipped="0" failures="0">
  <properties>
    <property name="java.specification.version" value="17"/>
    <property name="sun.cpu.isalist" value="amd64"/>
    <property name="sun.jnu.encoding" value="Cp1252"/>
    <property name="java.class.path" value="D:\Java\angular\PayRoll_Management\Payroll_Management_System-main\backend\target\test-classes;D:\Java\angular\PayRoll_Management\Payroll_Management_System-main\backend\target\classes;C:\Users\JEE\.m2\repository\org\springframework\boot\spring-boot-starter-data-jpa\3.1.0\spring-boot-starter-data-jpa-3.1.0.jar;C:\Users\JEE\.m2\repository\org\springframework\boot\spring-boot-starter-aop\3.1.0\spring-boot-starter-aop-3.1.0.jar;C:\Users\JEE\.m2\repository\org\aspectj\aspectjweaver\1.9.19\aspectjweaver-1.9.19.jar;C:\Users\JEE\.m2\repository\org\springframework\boot\spring-boot-starter-jdbc\3.1.0\spring-boot-starter-jdbc-3.1.0.jar;C:\Users\JEE\.m2\repository\com\zaxxer\HikariCP\5.0.1\HikariCP-5.0.1.jar;C:\Users\JEE\.m2\repository\org\springframework\spring-jdbc\6.0.9\spring-jdbc-6.0.9.jar;C:\Users\JEE\.m2\repository\org\hibernate\orm\hibernate-core\6.2.2.Final\hibernate-core-6.2.2.Final.jar;C:\Users\JEE\.m2\repository\jakarta\persistence\jakarta.persistence-api\3.1.0\jakarta.persistence-api-3.1.0.jar;C:\Users\JEE\.m2\repository\jakarta\transaction\jakarta.transaction-api\2.0.1\jakarta.transaction-api-2.0.1.jar;C:\Users\JEE\.m2\repository\org\jboss\logging\jboss-logging\3.5.0.Final\jboss-logging-3.5.0.Final.jar;C:\Users\JEE\.m2\repository\org\hibernate\common\hibernate-commons-annotations\6.0.6.Final\hibernate-commons-annotations-6.0.6.Final.jar;C:\Users\JEE\.m2\repository\io\smallrye\jandex\3.0.5\jandex-3.0.5.jar;C:\Users\JEE\.m2\repository\com\fasterxml\classmate\1.5.1\classmate-1.5.1.jar;C:\Users\JEE\.m2\repository\net\bytebuddy\byte-buddy\1.14.4\byte-buddy-1.14.4.jar;C:\Users\JEE\.m2\repository\org\glassfish\jaxb\jaxb-runtime\4.0.2\jaxb-runtime-4.0.2.jar;C:\Users\JEE\.m2\repository\org\glassfish\jaxb\jaxb-core\4.0.2\jaxb-core-4.0.2.jar;C:\Users\JEE\.m2\repository\org\eclipse\angus\angus-activation\2.0.0\angus-activation-2.0.0.jar;C:\Users\JEE\.m2\repository\org\glassfish\jaxb\txw2\4.0.2\txw2-4.0.2.jar;C:\Users\JEE\.m2\repository\com\sun\istack\istack-commons-runtime\4.1.1\istack-commons-runtime-4.1.1.jar;C:\Users\JEE\.m2\repository\jakarta\inject\jakarta.inject-api\2.0.1\jakarta.inject-api-2.0.1.jar;C:\Users\JEE\.m2\repository\org\antlr\antlr4-runtime\4.10.1\antlr4-runtime-4.10.1.jar;C:\Users\JEE\.m2\repository\org\springframework\data\spring-data-jpa\3.1.0\spring-data-jpa-3.1.0.jar;C:\Users\JEE\.m2\repository\org\springframework\data\spring-data-commons\3.1.0\spring-data-commons-3.1.0.jar;C:\Users\JEE\.m2\repository\org\springframework\spring-orm\6.0.9\spring-orm-6.0.9.jar;C:\Users\JEE\.m2\repository\org\springframework\spring-context\6.0.9\spring-context-6.0.9.jar;C:\Users\JEE\.m2\repository\org\springframework\spring-tx\6.0.9\spring-tx-6.0.9.jar;C:\Users\JEE\.m2\repository\org\springframework\spring-beans\6.0.9\spring-beans-6.0.9.jar;C:\Users\JEE\.m2\repository\jakarta\annotation\jakarta.annotation-api\2.1.1\jakarta.annotation-api-2.1.1.jar;C:\Users\JEE\.m2\repository\org\slf4j\slf4j-api\2.0.7\slf4j-api-2.0.7.jar;C:\Users\JEE\.m2\repository\org\springframework\spring-aspects\6.0.9\spring-aspects-6.0.9.jar;C:\Users\JEE\.m2\repository\org\springframework\boot\spring-boot-starter-security\3.1.0\spring-boot-starter-security-3.1.0.jar;C:\Users\JEE\.m2\repository\org\springframework\boot\spring-boot-starter\3.1.0\spring-boot-starter-3.1.0.jar;C:\Users\JEE\.m2\repository\org\springframework\boot\spring-boot\3.1.0\spring-boot-3.1.0.jar;C:\Users\JEE\.m2\repository\org\springframework\boot\spring-boot-autoconfigure\3.1.0\spring-boot-autoconfigure-3.1.0.jar;C:\Users\JEE\.m2\repository\org\springframework\boot\spring-boot-starter-logging\3.1.0\spring-boot-starter-logging-3.1.0.jar;C:\Users\JEE\.m2\repository\ch\qos\logback\logback-classic\1.4.7\logback-classic-1.4.7.jar;C:\Users\JEE\.m2\repository\ch\qos\logback\logback-core\1.4.7\logback-core-1.4.7.jar;C:\Users\JEE\.m2\repository\org\apache\logging\log4j\log4j-to-slf4j\2.20.0\log4j-to-slf4j-2.20.0.jar;C:\Users\JEE\.m2\repository\org\apache\logging\log4j\log4j-api\2.20.0\log4j-api-2.20.0.jar;C:\Users\JEE\.m2\repository\org\slf4j\jul-to-slf4j\2.0.7\jul-to-slf4j-2.0.7.jar;C:\Users\JEE\.m2\repository\org\yaml\snakeyaml\1.33\snakeyaml-1.33.jar;C:\Users\JEE\.m2\repository\org\springframework\spring-aop\6.0.9\spring-aop-6.0.9.jar;C:\Users\JEE\.m2\repository\org\springframework\security\spring-security-config\6.1.0\spring-security-config-6.1.0.jar;C:\Users\JEE\.m2\repository\org\springframework\security\spring-security-core\6.1.0\spring-security-core-6.1.0.jar;C:\Users\JEE\.m2\repository\org\springframework\security\spring-security-crypto\6.1.0\spring-security-crypto-6.1.0.jar;C:\Users\JEE\.m2\repository\org\springframework\security\spring-security-web\6.1.0\spring-security-web-6.1.0.jar;C:\Users\JEE\.m2\repository\org\springframework\spring-expression\6.0.9\spring-expression-6.0.9.jar;C:\Users\JEE\.m2\repository\org\springframework\boot\spring-boot-starter-validation\3.1.0\spring-boot-starter-validation-3.1.0.jar;C:\Users\JEE\.m2\repository\org\apache\tomcat\embed\tomcat-embed-el\10.1.8\tomcat-embed-el-10.1.8.jar;C:\Users\JEE\.m2\repository\org\hibernate\validator\hibernate-validator\8.0.0.Final\hibernate-validator-8.0.0.Final.jar;C:\Users\JEE\.m2\repository\jakarta\validation\jakarta.validation-api\3.0.2\jakarta.validation-api-3.0.2.jar;C:\Users\JEE\.m2\repository\org\springframework\boot\spring-boot-starter-web\3.1.0\spring-boot-starter-web-3.1.0.jar;C:\Users\JEE\.m2\repository\org\springframework\boot\spring-boot-starter-json\3.1.0\spring-boot-starter-json-3.1.0.jar;C:\Users\JEE\.m2\repository\com\fasterxml\jackson\datatype\jackson-datatype-jdk8\2.15.0\jackson-datatype-jdk8-2.15.0.jar;C:\Users\JEE\.m2\repository\com\fasterxml\jackson\datatype\jackson-datatype-jsr310\2.15.0\jackson-datatype-jsr310-2.15.0.jar;C:\Users\JEE\.m2\repository\com\fasterxml\jackson\module\jackson-module-parameter-names\2.15.0\jackson-module-parameter-names-2.15.0.jar;C:\Users\JEE\.m2\repository\org\springframework\boot\spring-boot-starter-tomcat\3.1.0\spring-boot-starter-tomcat-3.1.0.jar;C:\Users\JEE\.m2\repository\org\apache\tomcat\embed\tomcat-embed-core\10.1.8\tomcat-embed-core-10.1.8.jar;C:\Users\JEE\.m2\repository\org\apache\tomcat\embed\tomcat-embed-websocket\10.1.8\tomcat-embed-websocket-10.1.8.jar;C:\Users\JEE\.m2\repository\org\springframework\spring-web\6.0.9\spring-web-6.0.9.jar;C:\Users\JEE\.m2\repository\io\micrometer\micrometer-observation\1.11.0\micrometer-observation-1.11.0.jar;C:\Users\JEE\.m2\repository\io\micrometer\micrometer-commons\1.11.0\micrometer-commons-1.11.0.jar;C:\Users\JEE\.m2\repository\org\springframework\spring-webmvc\6.0.9\spring-webmvc-6.0.9.jar;C:\Users\JEE\.m2\repository\org\projectlombok\lombok\1.18.26\lombok-1.18.26.jar;C:\Users\JEE\.m2\repository\io\jsonwebtoken\jjwt-api\0.11.5\jjwt-api-0.11.5.jar;C:\Users\JEE\.m2\repository\io\jsonwebtoken\jjwt-impl\0.11.5\jjwt-impl-0.11.5.jar;C:\Users\JEE\.m2\repository\io\jsonwebtoken\jjwt-jackson\0.11.5\jjwt-jackson-0.11.5.jar;C:\Users\JEE\.m2\repository\com\fasterxml\jackson\core\jackson-databind\2.15.0\jackson-databind-2.15.0.jar;C:\Users\JEE\.m2\repository\com\fasterxml\jackson\core\jackson-annotations\2.15.0\jackson-annotations-2.15.0.jar;C:\Users\JEE\.m2\repository\com\fasterxml\jackson\core\jackson-core\2.15.0\jackson-core-2.15.0.jar;C:\Users\JEE\.m2\repository\com\mysql\mysql-connector-j\8.0.33\mysql-connector-j-8.0.33.jar;C:\Users\JEE\.m2\repository\org\springframework\boot\spring-boot-starter-test\3.1.0\spring-boot-starter-test-3.1.0.jar;C:\Users\JEE\.m2\repository\org\springframework\boot\spring-boot-test\3.1.0\spring-boot-test-3.1.0.jar;C:\Users\JEE\.m2\repository\org\springframework\boot\spring-boot-test-autoconfigure\3.1.0\spring-boot-test-autoconfigure-3.1.0.jar;C:\Users\JEE\.m2\repository\com\jayway\jsonpath\json-path\2.8.0\json-path-2.8.0.jar;C:\Users\JEE\.m2\repository\jakarta\xml\bind\jakarta.xml.bind-api\4.0.0\jakarta.xml.bind-api-4.0.0.jar;C:\Users\JEE\.m2\repository\jakarta\activation\jakarta.activation-api\2.1.2\jakarta.activation-api-2.1.2.jar;C:\Users\JEE\.m2\repository\net\minidev\json-smart\2.4.10\json-smart-2.4.10.jar;C:\Users\JEE\.m2\repository\net\minidev\accessors-smart\2.4.9\accessors-smart-2.4.9.jar;C:\Users\JEE\.m2\repository\org\ow2\asm\asm\9.3\asm-9.3.jar;C:\Users\JEE\.m2\repository\org\assertj\assertj-core\3.24.2\assertj-core-3.24.2.jar;C:\Users\JEE\.m2\repository\org\hamcrest\hamcrest\2.2\hamcrest-2.2.jar;C:\Users\JEE\.m2\repository\org\junit\jupiter\junit-jupiter\5.9.3\junit-jupiter-5.9.3.jar;C:\Users\JEE\.m2\repository\org\junit\jupiter\junit-jupiter-api\5.9.3\junit-jupiter-api-5.9.3.jar;C:\Users\JEE\.m2\repository\org\opentest4j\opentest4j\1.2.0\opentest4j-1.2.0.jar;C:\Users\JEE\.m2\repository\org\junit\platform\junit-platform-commons\1.9.3\junit-platform-commons-1.9.3.jar;C:\Users\JEE\.m2\repository\org\apiguardian\apiguardian-api\1.1.2\apiguardian-api-1.1.2.jar;C:\Users\JEE\.m2\repository\org\junit\jupiter\junit-jupiter-params\5.9.3\junit-jupiter-params-5.9.3.jar;C:\Users\JEE\.m2\repository\org\junit\jupiter\junit-jupiter-engine\5.9.3\junit-jupiter-engine-5.9.3.jar;C:\Users\JEE\.m2\repository\org\junit\platform\junit-platform-engine\1.9.3\junit-platform-engine-1.9.3.jar;C:\Users\JEE\.m2\repository\org\mockito\mockito-core\5.3.1\mockito-core-5.3.1.jar;C:\Users\JEE\.m2\repository\net\bytebuddy\byte-buddy-agent\1.14.4\byte-buddy-agent-1.14.4.jar;C:\Users\JEE\.m2\repository\org\objenesis\objenesis\3.3\objenesis-3.3.jar;C:\Users\JEE\.m2\repository\org\mockito\mockito-junit-jupiter\5.3.1\mockito-junit-jupiter-5.3.1.jar;C:\Users\JEE\.m2\repository\org\skyscreamer\jsonassert\1.5.1\jsonassert-1.5.1.jar;C:\Users\JEE\.m2\repository\com\vaadin\external\google\android-json\0.0.20131108.vaadin1\android-json-0.0.20131108.vaadin1.jar;C:\Users\JEE\.m2\repository\org\springframework\spring-core\6.0.9\spring-core-6.0.9.jar;C:\Users\JEE\.m2\repository\org\springframework\spring-jcl\6.0.9\spring-jcl-6.0.9.jar;C:\Users\JEE\.m2\repository\org\springframework\spring-test\6.0.9\spring-test-6.0.9.jar;C:\Users\JEE\.m2\repository\org\xmlunit\xmlunit-core\2.9.1\xmlunit-core-2.9.1.jar;"/>
    <property name="java.vm.vendor" value="Oracle Corporation"/>
    <property name="sun.arch.data.model" value="64"/>
    <property name="user.variant" value=""/>
    <property name="java.vendor.url" value="https://java.oracle.com/"/>
    <property name="user.timezone" value="Asia/Dhaka"/>
    <property name="org.jboss.logging.provider" value="slf4j"/>
    <property name="os.name" value="Windows 10"/>
    <property name="java.vm.specification.version" value="17"/>
    <property name="sun.java.launcher" value="SUN_STANDARD"/>
    <property name="user.country" value="US"/>
    <property name="sun.boot.library.path" value="C:\Program Files\Java\jdk-17\bin"/>
    <property name="sun.java.command" value="C:\Users\JEE\AppData\Local\Temp\surefire6503106038679422910\surefirebooter-20240624155636260_3.jar C:\Users\JEE\AppData\Local\Temp\surefire6503106038679422910 2024-06-24T15-56-36_082-jvmRun1 surefire-20240624155636260_1tmp surefire_0-20240624155636260_2tmp"/>
    <property name="jdk.debug" value="release"/>
    <property name="surefire.test.class.path" value="D:\Java\angular\PayRoll_Management\Payroll_Management_System-main\backend\target\test-classes;D:\Java\angular\PayRoll_Management\Payroll_Management_System-main\backend\target\classes;C:\Users\JEE\.m2\repository\org\springframework\boot\spring-boot-starter-data-jpa\3.1.0\spring-boot-starter-data-jpa-3.1.0.jar;C:\Users\JEE\.m2\repository\org\springframework\boot\spring-boot-starter-aop\3.1.0\spring-boot-starter-aop-3.1.0.jar;C:\Users\JEE\.m2\repository\org\aspectj\aspectjweaver\1.9.19\aspectjweaver-1.9.19.jar;C:\Users\JEE\.m2\repository\org\springframework\boot\spring-boot-starter-jdbc\3.1.0\spring-boot-starter-jdbc-3.1.0.jar;C:\Users\JEE\.m2\repository\com\zaxxer\HikariCP\5.0.1\HikariCP-5.0.1.jar;C:\Users\JEE\.m2\repository\org\springframework\spring-jdbc\6.0.9\spring-jdbc-6.0.9.jar;C:\Users\JEE\.m2\repository\org\hibernate\orm\hibernate-core\6.2.2.Final\hibernate-core-6.2.2.Final.jar;C:\Users\JEE\.m2\repository\jakarta\persistence\jakarta.persistence-api\3.1.0\jakarta.persistence-api-3.1.0.jar;C:\Users\JEE\.m2\repository\jakarta\transaction\jakarta.transaction-api\2.0.1\jakarta.transaction-api-2.0.1.jar;C:\Users\JEE\.m2\repository\org\jboss\logging\jboss-logging\3.5.0.Final\jboss-logging-3.5.0.Final.jar;C:\Users\JEE\.m2\repository\org\hibernate\common\hibernate-commons-annotations\6.0.6.Final\hibernate-commons-annotations-6.0.6.Final.jar;C:\Users\JEE\.m2\repository\io\smallrye\jandex\3.0.5\jandex-3.0.5.jar;C:\Users\JEE\.m2\repository\com\fasterxml\classmate\1.5.1\classmate-1.5.1.jar;C:\Users\JEE\.m2\repository\net\bytebuddy\byte-buddy\1.14.4\byte-buddy-1.14.4.jar;C:\Users\JEE\.m2\repository\org\glassfish\jaxb\jaxb-runtime\4.0.2\jaxb-runtime-4.0.2.jar;C:\Users\JEE\.m2\repository\org\glassfish\jaxb\jaxb-core\4.0.2\jaxb-core-4.0.2.jar;C:\Users\JEE\.m2\repository\org\eclipse\angus\angus-activation\2.0.0\angus-activation-2.0.0.jar;C:\Users\JEE\.m2\repository\org\glassfish\jaxb\txw2\4.0.2\txw2-4.0.2.jar;C:\Users\JEE\.m2\repository\com\sun\istack\istack-commons-runtime\4.1.1\istack-commons-runtime-4.1.1.jar;C:\Users\JEE\.m2\repository\jakarta\inject\jakarta.inject-api\2.0.1\jakarta.inject-api-2.0.1.jar;C:\Users\JEE\.m2\repository\org\antlr\antlr4-runtime\4.10.1\antlr4-runtime-4.10.1.jar;C:\Users\JEE\.m2\repository\org\springframework\data\spring-data-jpa\3.1.0\spring-data-jpa-3.1.0.jar;C:\Users\JEE\.m2\repository\org\springframework\data\spring-data-commons\3.1.0\spring-data-commons-3.1.0.jar;C:\Users\JEE\.m2\repository\org\springframework\spring-orm\6.0.9\spring-orm-6.0.9.jar;C:\Users\JEE\.m2\repository\org\springframework\spring-context\6.0.9\spring-context-6.0.9.jar;C:\Users\JEE\.m2\repository\org\springframework\spring-tx\6.0.9\spring-tx-6.0.9.jar;C:\Users\JEE\.m2\repository\org\springframework\spring-beans\6.0.9\spring-beans-6.0.9.jar;C:\Users\JEE\.m2\repository\jakarta\annotation\jakarta.annotation-api\2.1.1\jakarta.annotation-api-2.1.1.jar;C:\Users\JEE\.m2\repository\org\slf4j\slf4j-api\2.0.7\slf4j-api-2.0.7.jar;C:\Users\JEE\.m2\repository\org\springframework\spring-aspects\6.0.9\spring-aspects-6.0.9.jar;C:\Users\JEE\.m2\repository\org\springframework\boot\spring-boot-starter-security\3.1.0\spring-boot-starter-security-3.1.0.jar;C:\Users\JEE\.m2\repository\org\springframework\boot\spring-boot-starter\3.1.0\spring-boot-starter-3.1.0.jar;C:\Users\JEE\.m2\repository\org\springframework\boot\spring-boot\3.1.0\spring-boot-3.1.0.jar;C:\Users\JEE\.m2\repository\org\springframework\boot\spring-boot-autoconfigure\3.1.0\spring-boot-autoconfigure-3.1.0.jar;C:\Users\JEE\.m2\repository\org\springframework\boot\spring-boot-starter-logging\3.1.0\spring-boot-starter-logging-3.1.0.jar;C:\Users\JEE\.m2\repository\ch\qos\logback\logback-classic\1.4.7\logback-classic-1.4.7.jar;C:\Users\JEE\.m2\repository\ch\qos\logback\logback-core\1.4.7\logback-core-1.4.7.jar;C:\Users\JEE\.m2\repository\org\apache\logging\log4j\log4j-to-slf4j\2.20.0\log4j-to-slf4j-2.20.0.jar;C:\Users\JEE\.m2\repository\org\apache\logging\log4j\log4j-api\2.20.0\log4j-api-2.20.0.jar;C:\Users\JEE\.m2\repository\org\slf4j\jul-to-slf4j\2.0.7\jul-to-slf4j-2.0.7.jar;C:\Users\JEE\.m2\repository\org\yaml\snakeyaml\1.33\snakeyaml-1.33.jar;C:\Users\JEE\.m2\repository\org\springframework\spring-aop\6.0.9\spring-aop-6.0.9.jar;C:\Users\JEE\.m2\repository\org\springframework\security\spring-security-config\6.1.0\spring-security-config-6.1.0.jar;C:\Users\JEE\.m2\repository\org\springframework\security\spring-security-core\6.1.0\spring-security-core-6.1.0.jar;C:\Users\JEE\.m2\repository\org\springframework\security\spring-security-crypto\6.1.0\spring-security-crypto-6.1.0.jar;C:\Users\JEE\.m2\repository\org\springframework\security\spring-security-web\6.1.0\spring-security-web-6.1.0.jar;C:\Users\JEE\.m2\repository\org\springframework\spring-expression\6.0.9\spring-expression-6.0.9.jar;C:\Users\JEE\.m2\repository\org\springframework\boot\spring-boot-starter-validation\3.1.0\spring-boot-starter-validation-3.1.0.jar;C:\Users\JEE\.m2\repository\org\apache\tomcat\embed\tomcat-embed-el\10.1.8\tomcat-embed-el-10.1.8.jar;C:\Users\JEE\.m2\repository\org\hibernate\validator\hibernate-validator\8.0.0.Final\hibernate-validator-8.0.0.Final.jar;C:\Users\JEE\.m2\repository\jakarta\validation\jakarta.validation-api\3.0.2\jakarta.validation-api-3.0.2.jar;C:\Users\JEE\.m2\repository\org\springframework\boot\spring-boot-starter-web\3.1.0\spring-boot-starter-web-3.1.0.jar;C:\Users\JEE\.m2\repository\org\springframework\boot\spring-boot-starter-json\3.1.0\spring-boot-starter-json-3.1.0.jar;C:\Users\JEE\.m2\repository\com\fasterxml\jackson\datatype\jackson-datatype-jdk8\2.15.0\jackson-datatype-jdk8-2.15.0.jar;C:\Users\JEE\.m2\repository\com\fasterxml\jackson\datatype\jackson-datatype-jsr310\2.15.0\jackson-datatype-jsr310-2.15.0.jar;C:\Users\JEE\.m2\repository\com\fasterxml\jackson\module\jackson-module-parameter-names\2.15.0\jackson-module-parameter-names-2.15.0.jar;C:\Users\JEE\.m2\repository\org\springframework\boot\spring-boot-starter-tomcat\3.1.0\spring-boot-starter-tomcat-3.1.0.jar;C:\Users\JEE\.m2\repository\org\apache\tomcat\embed\tomcat-embed-core\10.1.8\tomcat-embed-core-10.1.8.jar;C:\Users\JEE\.m2\repository\org\apache\tomcat\embed\tomcat-embed-websocket\10.1.8\tomcat-embed-websocket-10.1.8.jar;C:\Users\JEE\.m2\repository\org\springframework\spring-web\6.0.9\spring-web-6.0.9.jar;C:\Users\JEE\.m2\repository\io\micrometer\micrometer-observation\1.11.0\micrometer-observation-1.11.0.jar;C:\Users\JEE\.m2\repository\io\micrometer\micrometer-commons\1.11.0\micrometer-commons-1.11.0.jar;C:\Users\JEE\.m2\repository\org\springframework\spring-webmvc\6.0.9\spring-webmvc-6.0.9.jar;C:\Users\JEE\.m2\repository\org\projectlombok\lombok\1.18.26\lombok-1.18.26.jar;C:\Users\JEE\.m2\repository\io\jsonwebtoken\jjwt-api\0.11.5\jjwt-api-0.11.5.jar;C:\Users\JEE\.m2\repository\io\jsonwebtoken\jjwt-impl\0.11.5\jjwt-impl-0.11.5.jar;C:\Users\JEE\.m2\repository\io\jsonwebtoken\jjwt-jackson\0.11.5\jjwt-jackson-0.11.5.jar;C:\Users\JEE\.m2\repository\com\fasterxml\jackson\core\jackson-databind\2.15.0\jackson-databind-2.15.0.jar;C:\Users\JEE\.m2\repository\com\fasterxml\jackson\core\jackson-annotations\2.15.0\jackson-annotations-2.15.0.jar;C:\Users\JEE\.m2\repository\com\fasterxml\jackson\core\jackson-core\2.15.0\jackson-core-2.15.0.jar;C:\Users\JEE\.m2\repository\com\mysql\mysql-connector-j\8.0.33\mysql-connector-j-8.0.33.jar;C:\Users\JEE\.m2\repository\org\springframework\boot\spring-boot-starter-test\3.1.0\spring-boot-starter-test-3.1.0.jar;C:\Users\JEE\.m2\repository\org\springframework\boot\spring-boot-test\3.1.0\spring-boot-test-3.1.0.jar;C:\Users\JEE\.m2\repository\org\springframework\boot\spring-boot-test-autoconfigure\3.1.0\spring-boot-test-autoconfigure-3.1.0.jar;C:\Users\JEE\.m2\repository\com\jayway\jsonpath\json-path\2.8.0\json-path-2.8.0.jar;C:\Users\JEE\.m2\repository\jakarta\xml\bind\jakarta.xml.bind-api\4.0.0\jakarta.xml.bind-api-4.0.0.jar;C:\Users\JEE\.m2\repository\jakarta\activation\jakarta.activation-api\2.1.2\jakarta.activation-api-2.1.2.jar;C:\Users\JEE\.m2\repository\net\minidev\json-smart\2.4.10\json-smart-2.4.10.jar;C:\Users\JEE\.m2\repository\net\minidev\accessors-smart\2.4.9\accessors-smart-2.4.9.jar;C:\Users\JEE\.m2\repository\org\ow2\asm\asm\9.3\asm-9.3.jar;C:\Users\JEE\.m2\repository\org\assertj\assertj-core\3.24.2\assertj-core-3.24.2.jar;C:\Users\JEE\.m2\repository\org\hamcrest\hamcrest\2.2\hamcrest-2.2.jar;C:\Users\JEE\.m2\repository\org\junit\jupiter\junit-jupiter\5.9.3\junit-jupiter-5.9.3.jar;C:\Users\JEE\.m2\repository\org\junit\jupiter\junit-jupiter-api\5.9.3\junit-jupiter-api-5.9.3.jar;C:\Users\JEE\.m2\repository\org\opentest4j\opentest4j\1.2.0\opentest4j-1.2.0.jar;C:\Users\JEE\.m2\repository\org\junit\platform\junit-platform-commons\1.9.3\junit-platform-commons-1.9.3.jar;C:\Users\JEE\.m2\repository\org\apiguardian\apiguardian-api\1.1.2\apiguardian-api-1.1.2.jar;C:\Users\JEE\.m2\repository\org\junit\jupiter\junit-jupiter-params\5.9.3\junit-jupiter-params-5.9.3.jar;C:\Users\JEE\.m2\repository\org\junit\jupiter\junit-jupiter-engine\5.9.3\junit-jupiter-engine-5.9.3.jar;C:\Users\JEE\.m2\repository\org\junit\platform\junit-platform-engine\1.9.3\junit-platform-engine-1.9.3.jar;C:\Users\JEE\.m2\repository\org\mockito\mockito-core\5.3.1\mockito-core-5.3.1.jar;C:\Users\JEE\.m2\repository\net\bytebuddy\byte-buddy-agent\1.14.4\byte-buddy-agent-1.14.4.jar;C:\Users\JEE\.m2\repository\org\objenesis\objenesis\3.3\objenesis-3.3.jar;C:\Users\JEE\.m2\repository\org\mockito\mockito-junit-jupiter\5.3.1\mockito-junit-jupiter-5.3.1.jar;C:\Users\JEE\.m2\repository\org\skyscreamer\jsonassert\1.5.1\jsonassert-1.5.1.jar;C:\Users\JEE\.m2\repository\com\vaadin\external\google\android-json\0.0.20131108.vaadin1\android-json-0.0.20131108.vaadin1.jar;C:\Users\JEE\.m2\repository\org\springframework\spring-core\6.0.9\spring-core-6.0.9.jar;C:\Users\JEE\.m2\repository\org\springframework\spring-jcl\6.0.9\spring-jcl-6.0.9.jar;C:\Users\JEE\.m2\repository\org\springframework\spring-test\6.0.9\spring-test-6.0.9.jar;C:\Users\JEE\.m2\repository\org\xmlunit\xmlunit-core\2.9.1\xmlunit-core-2.9.1.jar;"/>
    <property name="sun.cpu.endian" value="little"/>
    <property name="user.home" value="C:\Users\JEE"/>
    <property name="user.language" value="en"/>
    <property name="java.specification.vendor" value="Oracle Corporation"/>
    <property name="java.version.date" value="2023-07-18"/>
    <property name="java.home" value="C:\Program Files\Java\jdk-17"/>
    <property name="file.separator" value="\"/>
    <property name="basedir" value="D:\Java\angular\PayRoll_Management\Payroll_Management_System-main\backend"/>
    <property name="java.vm.compressedOopsMode" value="32-bit"/>
    <property name="line.separator" value="&#10;"/>
    <property name="java.vm.specification.vendor" value="Oracle Corporation"/>
    <property name="java.specification.name" value="Java Platform API Specification"/>
    <property name="FILE_LOG_CHARSET" value="windows-1252"/>
    <property name="java.awt.headless" value="true"/>
    <property name="surefire.real.class.path" value="C:\Users\JEE\AppData\Local\Temp\surefire6503106038679422910\surefirebooter-20240624155636260_3.jar"/>
    <property name="user.script" value=""/>
    <property name="sun.management.compiler" value="HotSpot 64-Bit Tiered Compilers"/>
    <property name="java.runtime.version" value="17.0.8+9-LTS-211"/>
    <property name="user.name" value="JEE"/>
    <property name="path.separator" value=";"/>
    <property name="os.version" value="10.0"/>
    <property name="java.runtime.name" value="Java(TM) SE Runtime Environment"/>
    <property name="file.encoding" value="Cp1252"/>
    <property name="java.vm.name" value="Java HotSpot(TM) 64-Bit Server VM"/>
    <property name="localRepository" value="C:\Users\JEE\.m2\repository"/>
    <property name="java.vendor.url.bug" value="https://bugreport.java.com/bugreport/"/>
    <property name="java.io.tmpdir" value="C:\Users\JEE\AppData\Local\Temp\"/>
    <property name="com.zaxxer.hikari.pool_number" value="1"/>
    <property name="java.version" value="17.0.8"/>
    <property name="user.dir" value="D:\Java\angular\PayRoll_Management\Payroll_Management_System-main\backend"/>
    <property name="os.arch" value="amd64"/>
    <property name="java.vm.specification.name" value="Java Virtual Machine Specification"/>
    <property name="PID" value="6416"/>
    <property name="sun.os.patch.level" value=""/>
    <property name="CONSOLE_LOG_CHARSET" value="windows-1252"/>
    <property name="native.encoding" value="Cp1252"/>
    <property name="java.library.path" value="C:\Program Files\Java\jdk-17\bin;C:\Windows\Sun\Java\bin;C:\Windows\system32;C:\Windows;C:\Program Files\Common Files\Oracle\Java\javapath;c:\Users\JEE\AppData\Local\Programs\cursor\resources\app\bin;c:\Users\JEE\AppData\Local\Programs\cursor\resources\app\bin;D:\O19c\bin;C:\Windows\system32;C:\Windows;C:\Windows\System32\Wbem;C:\Windows\System32\WindowsPowerShell\v1.0\;C:\Windows\System32\OpenSSH\;C:\Program Files\Java\jdk1.8.0_202\bin;C:\Program Files\Java\jdk-17\bin;C:\Users\JEE\AppData\Local\Microsoft\WindowsApps;c:\Users\JEE\AppData\Local\Programs\cursor\resources\app\bin;c:\Users\JEE\AppData\Local\Programs\cursor\resources\app\bin;C:\Users\JEE\AppData\Local\Microsoft\WindowsApps;c:\Users\JEE\AppData\Local\Programs\cursor\resources\app\bin;D:\New folder\apache-maven-3.9.6\bin;C:\Program Files\nodejs\;C:\Program Files\Git\cmd;C:\Program Files\MySQL\MySQL Shell 8.0\bin\;C:\Users\JEE\AppData\Local\Microsoft\WindowsApps;;C:\Users\JEE\AppData\Local\Programs\Microsoft VS Code\bin;C:\Users\JEE\AppData\Roaming\npm;."/>
    <property name="java.vm.info" value="mixed mode, sharing"/>
    <property name="java.vendor" value="Oracle Corporation"/>
    <property name="java.vm.version" value="17.0.8+9-LTS-211"/>
    <property name="sun.io.unicode.encoding" value="UnicodeLittle"/>
    <property name="java.class.version" value="61.0"/>
  </properties>
  <testcase name="contextLoads" classname="com.prologiccreations.payrollapplication.PayrollApplicationTests" time="0.553">
    <system-out><![CDATA[15:56:37.062 [main] INFO org.springframework.test.context.support.AnnotationConfigContextLoaderUtils -- Could not detect default configuration classes for test class [com.prologiccreations.payrollapplication.PayrollApplicationTests]: PayrollApplicationTests does not declare any static, non-private, non-final, nested classes annotated with @Configuration.
15:56:37.177 [main] INFO org.springframework.boot.test.context.SpringBootTestContextBootstrapper -- Found @SpringBootConfiguration com.prologiccreations.payrollapplication.PayrollApplication for test class com.prologiccreations.payrollapplication.PayrollApplicationTests

  .   ____          _            __ _ _
 /\\ / ___'_ __ _ _(_)_ __  __ _ \ \ \ \
( ( )\___ | '_ | '_| | '_ \/ _` | \ \ \ \
 \\/  ___)| |_)| | | | | || (_| |  ) ) ) )
  '  |____| .__|_| |_|_| |_\__, | / / / /
 =========|_|==============|___/=/_/_/_/
 :: Spring Boot ::                (v3.1.0)

2024-06-24T15:56:37.632+06:00  INFO 6416 --- [           main] c.p.p.PayrollApplicationTests            : Starting PayrollApplicationTests using Java 17.0.8 with PID 6416 (started by JEE in D:\Java\angular\PayRoll_Management\Payroll_Management_System-main\backend)
2024-06-24T15:56:37.637+06:00  INFO 6416 --- [           main] c.p.p.PayrollApplicationTests            : No active profile set, falling back to 1 default profile: "default"
2024-06-24T15:56:38.615+06:00  INFO 6416 --- [           main] .s.d.r.c.RepositoryConfigurationDelegate : Bootstrapping Spring Data JPA repositories in DEFAULT mode.
2024-06-24T15:56:38.763+06:00  INFO 6416 --- [           main] .s.d.r.c.RepositoryConfigurationDelegate : Finished Spring Data repository scanning in 137 ms. Found 13 JPA repository interfaces.
2024-06-24T15:56:39.341+06:00  INFO 6416 --- [           main] o.hibernate.jpa.internal.util.LogHelper  : HHH000204: Processing PersistenceUnitInfo [name: default]
2024-06-24T15:56:39.405+06:00  INFO 6416 --- [           main] org.hibernate.Version                    : HHH000412: Hibernate ORM core version 6.2.2.Final
2024-06-24T15:56:39.407+06:00  INFO 6416 --- [           main] org.hibernate.cfg.Environment            : HHH000406: Using bytecode reflection optimizer
2024-06-24T15:56:39.602+06:00  INFO 6416 --- [           main] o.h.b.i.BytecodeProviderInitiator        : HHH000021: Bytecode provider name : bytebuddy
2024-06-24T15:56:39.763+06:00  INFO 6416 --- [           main] o.s.o.j.p.SpringPersistenceUnitInfo      : No LoadTimeWeaver setup: ignoring JPA class transformer
2024-06-24T15:56:39.791+06:00  INFO 6416 --- [           main] com.zaxxer.hikari.HikariDataSource       : HikariPool-1 - Starting...
2024-06-24T15:56:39.795+06:00  WARN 6416 --- [           main] c.zaxxer.hikari.util.DriverDataSource    : Registered driver with driverClassName=com.mysql.jdbc.Driver was not found, trying direct instantiation.
2024-06-24T15:56:40.171+06:00  INFO 6416 --- [           main] com.zaxxer.hikari.pool.HikariPool        : HikariPool-1 - Added connection com.mysql.cj.jdbc.ConnectionImpl@49d42faf
2024-06-24T15:56:40.173+06:00  INFO 6416 --- [           main] com.zaxxer.hikari.HikariDataSource       : HikariPool-1 - Start completed.
2024-06-24T15:56:40.224+06:00  INFO 6416 --- [           main] org.hibernate.orm.dialect                : HHH035001: Using dialect: org.hibernate.dialect.MySQLDialect, version: 8.0.36
2024-06-24T15:56:40.636+06:00  INFO 6416 --- [           main] o.h.b.i.BytecodeProviderInitiator        : HHH000021: Bytecode provider name : bytebuddy
2024-06-24T15:56:41.664+06:00  INFO 6416 --- [           main] o.h.e.t.j.p.i.JtaPlatformInitiator       : HHH000490: Using JtaPlatform implementation: [org.hibernate.engine.transaction.jta.platform.internal.NoJtaPlatform]
Hibernate: 
    create table `attendance` (
        `id` bigint not null auto_increment,
        `active` bit not null,
        `created_by` varchar(255),
        `created_date` datetime(6) not null,
        `modified_by` varchar(255),
        `modified_date` datetime(6),
        `hours_worked` integer not null,
        `location` varchar(255),
        `log_date` date,
        `overtime` bit not null,
        `present` bit not null,
        `remarks` varchar(255),
        `employee_id` bigint,
        primary key (`id`)
    ) engine=InnoDB
Hibernate: 
    create table `benefits` (
        `id` bigint not null auto_increment,
        `active` bit not null,
        `created_by` varchar(255),
        `created_date` datetime(6) not null,
        `modified_by` varchar(255),
        `modified_date` datetime(6),
        `benefit_cost` float(53) not null,
        `benefit_enrollment_date` date,
        `benefit_type` varchar(255),
        `benefitend_date` date,
        `description` varchar(255),
        `frequency` varchar(255),
        `taxable` bit not null,
        `employee_id` bigint,
        primary key (`id`)
    ) engine=InnoDB
Hibernate: 
    create table `department` (
        `id` bigint not null auto_increment,
        `active` bit not null,
        `created_by` varchar(255),
        `created_date` datetime(6) not null,
        `modified_by` varchar(255),
        `modified_date` datetime(6),
        `department_name` varchar(255),
        `description` varchar(255),
        `location` varchar(255),
        `department_head_id` bigint,
        primary key (`id`)
    ) engine=InnoDB
Hibernate: 
    create table `employee` (
        `id` bigint not null auto_increment,
        `active` bit not null,
        `created_by` varchar(255),
        `created_date` datetime(6) not null,
        `modified_by` varchar(255),
        `modified_date` datetime(6),
        `address` varchar(255),
        `bank_account_details` varchar(255),
        `date_of_birth` date,
        `department` varchar(255),
        `designation` varchar(255),
        `email` varchar(255),
        `employment_start_date` date,
        `employment_status` varchar(255),
        `first_name` varchar(255),
        `gender` varchar(255),
        `has_overtime` bit not null,
        `last_name` varchar(255),
        `national_id` float(53) not null,
        `phone` varchar(255),
        primary key (`id`)
    ) engine=InnoDB
Hibernate: 
    create table `leave` (
        `id` bigint not null auto_increment,
        `active` bit not null,
        `created_by` varchar(255),
        `created_date` datetime(6) not null,
        `modified_by` varchar(255),
        `modified_date` datetime(6),
        `approved` bit not null,
        `end_date` date,
        `half_day` bit not null,
        `leave_type` varchar(255),
        `reason` varchar(255),
        `start_date` date,
        `employee_id` bigint,
        primary key (`id`)
    ) engine=InnoDB
Hibernate: 
    create table `payment_history` (
        `id` bigint not null auto_increment,
        `active` bit not null,
        `created_by` varchar(255),
        `created_date` datetime(6) not null,
        `modified_by` varchar(255),
        `modified_date` datetime(6),
        `payment_amount` float(53) not null,
        `payment_date` date,
        `payment_method` varchar(255),
        `payment_status` varchar(255),
        `employee_id` bigint,
        primary key (`id`)
    ) engine=InnoDB
Hibernate: 
    create table `payroll_transaction` (
        `id` bigint not null auto_increment,
        `active` bit not null,
        `created_by` varchar(255),
        `created_date` datetime(6) not null,
        `modified_by` varchar(255),
        `modified_date` datetime(6),
        `deductions` float(53) not null,
        `gross_earnings` float(53) not null,
        `hours_worked` float(53) not null,
        `net_pay` float(53) not null,
        `overtime_hours` float(53) not null,
        `payroll_period` varchar(255),
        `employee_id` bigint,
        `salary_id` bigint,
        primary key (`id`)
    ) engine=InnoDB
Hibernate: 
    create table `permission` (
        `id` bigint not null auto_increment,
        `active` bit not null,
        `category` varchar(255),
        `component_key` varchar(255) not null,
        `description` varchar(255),
        `name` varchar(255) not null,
        primary key (`id`)
    ) engine=InnoDB
Hibernate: 
    create table `position` (
        `id` bigint not null auto_increment,
        `active` bit not null,
        `created_by` varchar(255),
        `created_date` datetime(6) not null,
        `modified_by` varchar(255),
        `modified_date` datetime(6),
        `position_title` varchar(255),
        `salary_range` float(53) not null,
        primary key (`id`)
    ) engine=InnoDB
Hibernate: 
    create table `role` (
        `id` bigint not null auto_increment,
        `active` bit not null,
        `created_by` varchar(255),
        `created_date` datetime(6) not null,
        `modified_by` varchar(255),
        `modified_date` datetime(6),
        `approved_at` datetime(6),
        `approved_by` varchar(255),
        `denial_reason` varchar(255),
        `is_approved` bit not null,
        `name` varchar(255) not null,
        primary key (`id`)
    ) engine=InnoDB
Hibernate: 
    create table `role_permissions` (
        `role_id` bigint not null,
        `permissions_id` bigint not null
    ) engine=InnoDB
Hibernate: 
    create table `salary` (
        `id` bigint not null auto_increment,
        `active` bit not null,
        `created_by` varchar(255),
        `created_date` datetime(6) not null,
        `modified_by` varchar(255),
        `modified_date` datetime(6),
        `bonuses` float(53) not null,
        `deductions` float(53) not null,
        `pay_frequency` varchar(255),
        `salary_amount` float(53) not null,
        `employee_id` bigint,
        primary key (`id`)
    ) engine=InnoDB
Hibernate: 
    create table `tax_withholding` (
        `id` bigint not null auto_increment,
        `active` bit not null,
        `created_by` varchar(255),
        `created_date` datetime(6) not null,
        `modified_by` varchar(255),
        `modified_date` datetime(6),
        `tax_amount` float(53) not null,
        `tax_type` varchar(255),
        `employee_id` bigint,
        primary key (`id`)
    ) engine=InnoDB
Hibernate: 
    create table `user` (
        `id` bigint not null auto_increment,
        `active` bit not null,
        `created_by` varchar(255),
        `created_date` datetime(6) not null,
        `modified_by` varchar(255),
        `modified_date` datetime(6),
        `approved_at` datetime(6),
        `approved_by` varchar(255),
        `denial_reason` varchar(255),
        `is_approved` bit not null,
        `name` varchar(255) not null,
        `password` varchar(255) not null,
        `username` varchar(255) not null,
        primary key (`id`)
    ) engine=InnoDB
Hibernate: 
    create table `user_roles` (
        `user_id` bigint not null,
        `roles_id` bigint not null
    ) engine=InnoDB
Hibernate: 
    alter table `permission` 
       drop index UK_g5x4srg75peqnybi8rg71w9sw
Hibernate: 
    alter table `permission` 
       add constraint UK_g5x4srg75peqnybi8rg71w9sw unique (`component_key`)
Hibernate: 
    alter table `permission` 
       drop index UK_2ojme20jpga3r4r79tdso17gi
Hibernate: 
    alter table `permission` 
       add constraint UK_2ojme20jpga3r4r79tdso17gi unique (`name`)
Hibernate: 
    alter table `user` 
       drop index UK_sb8bbouer5wak8vyiiy4pf2bx
Hibernate: 
    alter table `user` 
       add constraint UK_sb8bbouer5wak8vyiiy4pf2bx unique (`username`)
Hibernate: 
    alter table `attendance` 
       add constraint `FKsbb58lvsp1u37w49et7v70hyy` 
       foreign key (`employee_id`) 
       references `employee` (`id`)
Hibernate: 
    alter table `benefits` 
       add constraint `FKjsl3ftbt0losg8243bpxo62r4` 
       foreign key (`employee_id`) 
       references `employee` (`id`)
Hibernate: 
    alter table `department` 
       add constraint `FKeqm0cq37hbecrmbp22ekpo504` 
       foreign key (`department_head_id`) 
       references `employee` (`id`)
Hibernate: 
    alter table `leave` 
       add constraint `FK67onbx10fknyva792je9l1fbx` 
       foreign key (`employee_id`) 
       references `employee` (`id`)
Hibernate: 
    alter table `payment_history` 
       add constraint `FKc0kjwds5akxo410w9e761gi5s` 
       foreign key (`employee_id`) 
       references `employee` (`id`)
Hibernate: 
    alter table `payroll_transaction` 
       add constraint `FKjej5bnw8ljrnugmw5xp01802y` 
       foreign key (`employee_id`) 
       references `employee` (`id`)
Hibernate: 
    alter table `payroll_transaction` 
       add constraint `FKhf2iic0atk4eepx6p1s6ey3bj` 
       foreign key (`salary_id`) 
       references `salary` (`id`)
Hibernate: 
    alter table `role_permissions` 
       add constraint `FKq8hv89puoeoka6m1n8xmfxki8` 
       foreign key (`permissions_id`) 
       references `permission` (`id`)
Hibernate: 
    alter table `role_permissions` 
       add constraint `FKj3i1v9npf3hk7vrd37tutxovb` 
       foreign key (`role_id`) 
       references `role` (`id`)
Hibernate: 
    alter table `salary` 
       add constraint `FKp9y4lldjpip0hqfdu9wj8t82b` 
       foreign key (`employee_id`) 
       references `employee` (`id`)
Hibernate: 
    alter table `tax_withholding` 
       add constraint `FKeyqujjn28l4aburblvb431bcr` 
       foreign key (`employee_id`) 
       references `employee` (`id`)
Hibernate: 
    alter table `user_roles` 
       add constraint `FKo2rmqkw5pucpp44p39quu5al5` 
       foreign key (`roles_id`) 
       references `role` (`id`)
Hibernate: 
    alter table `user_roles` 
       add constraint `FK40cm955hgg5oxf1oax8mqw0c4` 
       foreign key (`user_id`) 
       references `user` (`id`)
2024-06-24T15:56:45.011+06:00  INFO 6416 --- [           main] j.LocalContainerEntityManagerFactoryBean : Initialized JPA EntityManagerFactory for persistence unit 'default'
2024-06-24T15:56:45.340+06:00  INFO 6416 --- [           main] o.s.d.j.r.query.QueryEnhancerFactory     : Hibernate is in classpath; If applicable, HQL parser will be used.
2024-06-24T15:56:46.516+06:00  WARN 6416 --- [           main] JpaBaseConfiguration$JpaWebConfiguration : spring.jpa.open-in-view is enabled by default. Therefore, database queries may be performed during view rendering. Explicitly configure spring.jpa.open-in-view to disable this warning
2024-06-24T15:56:46.786+06:00  INFO 6416 --- [           main] o.s.s.web.DefaultSecurityFilterChain     : Will secure any request with [org.springframework.security.web.session.DisableEncodeUrlFilter@7307e418, org.springframework.security.web.context.request.async.WebAsyncManagerIntegrationFilter@30d5668a, org.springframework.security.web.context.SecurityContextHolderFilter@793937ec, org.springframework.security.web.header.HeaderWriterFilter@52c4bf29, org.springframework.web.filter.CorsFilter@2769d577, org.springframework.security.web.authentication.logout.LogoutFilter@1643e817, com.prologiccreations.payrollapplication.filter.auth.AuthFilter@5cbf423b, org.springframework.security.web.savedrequest.RequestCacheAwareFilter@1913188a, org.springframework.security.web.servletapi.SecurityContextHolderAwareRequestFilter@2d260f2a, org.springframework.security.web.authentication.AnonymousAuthenticationFilter@25297d52, org.springframework.security.web.session.SessionManagementFilter@765611c9, org.springframework.security.web.access.ExceptionTranslationFilter@217c7135, org.springframework.security.web.access.intercept.AuthorizationFilter@10ba757f]
2024-06-24T15:56:47.119+06:00  INFO 6416 --- [           main] c.p.p.PayrollApplicationTests            : Started PayrollApplicationTests in 9.777 seconds (process running for 10.743)
]]></system-out>
    <system-err><![CDATA[Loading class `com.mysql.jdbc.Driver'. This is deprecated. The new driver class is `com.mysql.cj.jdbc.Driver'. The driver is automatically registered via the SPI and manual loading of the driver class is generally unnecessary.
]]></system-err>
  </testcase>
</testsuite>